
bb_init()

bb_getattr(path="/", statbuf=0x4260ffe0)
    bb_fullpath:  rootdir = "/nethome/sdr3/proj3/proj3/fuse-tutorial/example/rootdir", path = "/", fpath = "/nethome/sdr3/proj3/proj3/fuse-tutorial/example/rootdir/"
    st_dev = 17
    st_ino = 642400
    st_mode = 040755
    st_nlink = 3
    st_uid = 239492
    st_gid = 2626
    st_rdev = 0
    st_size = 4096
    st_blksize = 32768
    st_blocks = 8
    st_atime = 0x50b562b3
    st_mtime = 0x50b6688c
    st_ctime = 0x50b6688c

bb_access(path="/", mask=01)
    bb_fullpath:  rootdir = "/nethome/sdr3/proj3/proj3/fuse-tutorial/example/rootdir", path = "/", fpath = "/nethome/sdr3/proj3/proj3/fuse-tutorial/example/rootdir/"

bb_opendir(path="/", fi=0x42610000)
    bb_fullpath:  rootdir = "/nethome/sdr3/proj3/proj3/fuse-tutorial/example/rootdir", path = "/", fpath = "/nethome/sdr3/proj3/proj3/fuse-tutorial/example/rootdir/"
    flags = 0x00018800
    fh_old = 0x00000000
    writepage = 0
    direct_io = 0
    keep_cache = 0
    fh = 0x000000000063ec60
    lock_owner = 0x0000000000000000

bb_readdir(path="/", buf=0x0063ebe0, filler=0x70d81840, offset=0, fi=0x41e0f000)
calling filler with name 2012
calling filler with name ..
calling filler with name .
    flags = 0x00000000
    fh_old = 0x0063ec60
    writepage = 0
    direct_io = 0
    keep_cache = 0
    fh = 0x000000000063ec60
    lock_owner = 0x0000000000000000

bb_getattr(path="/2012", statbuf=0x4260ffd0)
    bb_fullpath:  rootdir = "/nethome/sdr3/proj3/proj3/fuse-tutorial/example/rootdir", path = "/2012", fpath = "/nethome/sdr3/proj3/proj3/fuse-tutorial/example/rootdir/2012"
    st_dev = 17
    st_ino = 642496
    st_mode = 040755
    st_nlink = 3
    st_uid = 239492
    st_gid = 2626
    st_rdev = 0
    st_size = 4096
    st_blksize = 32768
    st_blocks = 8
    st_atime = 0x50b6688c
    st_mtime = 0x50b6688c
    st_ctime = 0x50b6688c

bb_getxattr(path = "/2012", name = "system.posix_acl_access", value = 0x00000000, size = 0)
    bb_fullpath:  rootdir = "/nethome/sdr3/proj3/proj3/fuse-tutorial/example/rootdir", path = "/2012", fpath = "/nethome/sdr3/proj3/proj3/fuse-tutorial/example/rootdir/2012"
    ERROR bb_getxattr lgetxattr: No data available

bb_getxattr(path = "/2012", name = "system.posix_acl_default", value = 0x00000000, size = 0)
    bb_fullpath:  rootdir = "/nethome/sdr3/proj3/proj3/fuse-tutorial/example/rootdir", path = "/2012", fpath = "/nethome/sdr3/proj3/proj3/fuse-tutorial/example/rootdir/2012"
    ERROR bb_getxattr lgetxattr: No data available

bb_releasedir(path="/", fi=0x42610000)
    flags = 0x00000000
    fh_old = 0x0063ec60
    writepage = 0
    direct_io = 0
    keep_cache = 0
    fh = 0x000000000063ec60
    lock_owner = 0x0000000000000000

bb_opendir(path="/", fi=0x41e0f000)
    bb_fullpath:  rootdir = "/nethome/sdr3/proj3/proj3/fuse-tutorial/example/rootdir", path = "/", fpath = "/nethome/sdr3/proj3/proj3/fuse-tutorial/example/rootdir/"
    flags = 0x00018800
    fh_old = 0x00000000
    writepage = 0
    direct_io = 0
    keep_cache = 0
    fh = 0x000000000063ec60
    lock_owner = 0x0000000000000000

bb_readdir(path="/", buf=0x0063ebe0, filler=0x70d81840, offset=0, fi=0x42610000)
calling filler with name 2012
calling filler with name ..
calling filler with name .
    flags = 0x00000000
    fh_old = 0x0063ec60
    writepage = 0
    direct_io = 0
    keep_cache = 0
    fh = 0x000000000063ec60
    lock_owner = 0x0000000000000000

bb_releasedir(path="/", fi=0x42610000)
    flags = 0x00000000
    fh_old = 0x0063ec60
    writepage = 0
    direct_io = 0
    keep_cache = 0
    fh = 0x000000000063ec60
    lock_owner = 0x0000000000000000

bb_getattr(path="/2012", statbuf=0x4260ffd0)
    bb_fullpath:  rootdir = "/nethome/sdr3/proj3/proj3/fuse-tutorial/example/rootdir", path = "/2012", fpath = "/nethome/sdr3/proj3/proj3/fuse-tutorial/example/rootdir/2012"
    st_dev = 17
    st_ino = 642496
    st_mode = 040755
    st_nlink = 3
    st_uid = 239492
    st_gid = 2626
    st_rdev = 0
    st_size = 4096
    st_blksize = 32768
    st_blocks = 8
    st_atime = 0x50b6688c
    st_mtime = 0x50b6688c
    st_ctime = 0x50b6688c

bb_getattr(path="/", statbuf=0x41e0efe0)
    bb_fullpath:  rootdir = "/nethome/sdr3/proj3/proj3/fuse-tutorial/example/rootdir", path = "/", fpath = "/nethome/sdr3/proj3/proj3/fuse-tutorial/example/rootdir/"
    st_dev = 17
    st_ino = 642400
    st_mode = 040755
    st_nlink = 3
    st_uid = 239492
    st_gid = 2626
    st_rdev = 0
    st_size = 4096
    st_blksize = 32768
    st_blocks = 8
    st_atime = 0x50b562b3
    st_mtime = 0x50b6688c
    st_ctime = 0x50b6688c

bb_getattr(path="/2012", statbuf=0x4260ffd0)
    bb_fullpath:  rootdir = "/nethome/sdr3/proj3/proj3/fuse-tutorial/example/rootdir", path = "/2012", fpath = "/nethome/sdr3/proj3/proj3/fuse-tutorial/example/rootdir/2012"
    st_dev = 17
    st_ino = 642496
    st_mode = 040755
    st_nlink = 3
    st_uid = 239492
    st_gid = 2626
    st_rdev = 0
    st_size = 4096
    st_blksize = 32768
    st_blocks = 8
    st_atime = 0x50b6688c
    st_mtime = 0x50b6688c
    st_ctime = 0x50b6688c

bb_opendir(path="/2012", fi=0x41e0f000)
    bb_fullpath:  rootdir = "/nethome/sdr3/proj3/proj3/fuse-tutorial/example/rootdir", path = "/2012", fpath = "/nethome/sdr3/proj3/proj3/fuse-tutorial/example/rootdir/2012"
    flags = 0x00018800
    fh_old = 0x00000000
    writepage = 0
    direct_io = 0
    keep_cache = 0
    fh = 0x000000000063ec60
    lock_owner = 0x0000000000000000

bb_readdir(path="/2012", buf=0x0063ebe0, filler=0x70d81840, offset=0, fi=0x42610000)
calling filler with name September
calling filler with name ..
calling filler with name .
    flags = 0x00000000
    fh_old = 0x0063ec60
    writepage = 0
    direct_io = 0
    keep_cache = 0
    fh = 0x000000000063ec60
    lock_owner = 0x0000000000000000

bb_releasedir(path="/2012", fi=0x42610000)
    flags = 0x00000000
    fh_old = 0x0063ec60
    writepage = 0
    direct_io = 0
    keep_cache = 0
    fh = 0x000000000063ec60
    lock_owner = 0x0000000000000000

bb_getattr(path="/2012/September", statbuf=0x4260ffd0)
    bb_fullpath:  rootdir = "/nethome/sdr3/proj3/proj3/fuse-tutorial/example/rootdir", path = "/2012/September", fpath = "/nethome/sdr3/proj3/proj3/fuse-tutorial/example/rootdir/2012/September"
    st_dev = 17
    st_ino = 642499
    st_mode = 040755
    st_nlink = 3
    st_uid = 239492
    st_gid = 2626
    st_rdev = 0
    st_size = 4096
    st_blksize = 32768
    st_blocks = 8
    st_atime = 0x50b6688c
    st_mtime = 0x50b6688c
    st_ctime = 0x50b6688c

bb_getattr(path="/", statbuf=0x41e0efe0)
    bb_fullpath:  rootdir = "/nethome/sdr3/proj3/proj3/fuse-tutorial/example/rootdir", path = "/", fpath = "/nethome/sdr3/proj3/proj3/fuse-tutorial/example/rootdir/"
    st_dev = 17
    st_ino = 642400
    st_mode = 040755
    st_nlink = 3
    st_uid = 239492
    st_gid = 2626
    st_rdev = 0
    st_size = 4096
    st_blksize = 32768
    st_blocks = 8
    st_atime = 0x50b562b3
    st_mtime = 0x50b6688c
    st_ctime = 0x50b6688c

bb_getattr(path="/2012", statbuf=0x4260ffd0)
    bb_fullpath:  rootdir = "/nethome/sdr3/proj3/proj3/fuse-tutorial/example/rootdir", path = "/2012", fpath = "/nethome/sdr3/proj3/proj3/fuse-tutorial/example/rootdir/2012"
    st_dev = 17
    st_ino = 642496
    st_mode = 040755
    st_nlink = 3
    st_uid = 239492
    st_gid = 2626
    st_rdev = 0
    st_size = 4096
    st_blksize = 32768
    st_blocks = 8
    st_atime = 0x50b6688c
    st_mtime = 0x50b6688c
    st_ctime = 0x50b6688c

bb_getattr(path="/2012/September", statbuf=0x41e0efd0)
    bb_fullpath:  rootdir = "/nethome/sdr3/proj3/proj3/fuse-tutorial/example/rootdir", path = "/2012/September", fpath = "/nethome/sdr3/proj3/proj3/fuse-tutorial/example/rootdir/2012/September"
    st_dev = 17
    st_ino = 642499
    st_mode = 040755
    st_nlink = 3
    st_uid = 239492
    st_gid = 2626
    st_rdev = 0
    st_size = 4096
    st_blksize = 32768
    st_blocks = 8
    st_atime = 0x50b6688c
    st_mtime = 0x50b6688c
    st_ctime = 0x50b6688c

bb_getattr(path="/2012/September/22", statbuf=0x4260ffd0)
    bb_fullpath:  rootdir = "/nethome/sdr3/proj3/proj3/fuse-tutorial/example/rootdir", path = "/2012/September/22", fpath = "/nethome/sdr3/proj3/proj3/fuse-tutorial/example/rootdir/2012/September/22"
    st_dev = 17
    st_ino = 642501
    st_mode = 040755
    st_nlink = 2
    st_uid = 239492
    st_gid = 2626
    st_rdev = 0
    st_size = 4096
    st_blksize = 32768
    st_blocks = 8
    st_atime = 0x50b6688c
    st_mtime = 0x50b6688c
    st_ctime = 0x50b6688c

bb_access(path="/", mask=01)
    bb_fullpath:  rootdir = "/nethome/sdr3/proj3/proj3/fuse-tutorial/example/rootdir", path = "/", fpath = "/nethome/sdr3/proj3/proj3/fuse-tutorial/example/rootdir/"

bb_access(path="/2012", mask=01)
    bb_fullpath:  rootdir = "/nethome/sdr3/proj3/proj3/fuse-tutorial/example/rootdir", path = "/2012", fpath = "/nethome/sdr3/proj3/proj3/fuse-tutorial/example/rootdir/2012"

bb_access(path="/2012/September", mask=01)
    bb_fullpath:  rootdir = "/nethome/sdr3/proj3/proj3/fuse-tutorial/example/rootdir", path = "/2012/September", fpath = "/nethome/sdr3/proj3/proj3/fuse-tutorial/example/rootdir/2012/September"

bb_access(path="/2012/September/22", mask=01)
    bb_fullpath:  rootdir = "/nethome/sdr3/proj3/proj3/fuse-tutorial/example/rootdir", path = "/2012/September/22", fpath = "/nethome/sdr3/proj3/proj3/fuse-tutorial/example/rootdir/2012/September/22"

bb_opendir(path="/2012/September/22", fi=0x41e0f000)
    bb_fullpath:  rootdir = "/nethome/sdr3/proj3/proj3/fuse-tutorial/example/rootdir", path = "/2012/September/22", fpath = "/nethome/sdr3/proj3/proj3/fuse-tutorial/example/rootdir/2012/September/22"
    flags = 0x00018800
    fh_old = 0x00000000
    writepage = 0
    direct_io = 0
    keep_cache = 0
    fh = 0x000000000063eda0
    lock_owner = 0x0000000000000000

bb_readdir(path="/2012/September/22", buf=0x0063ed20, filler=0x70d81840, offset=0, fi=0x42610000)
calling filler with name ..
calling filler with name exif2.jpg
calling filler with name .
    flags = 0x00000000
    fh_old = 0x0063eda0
    writepage = 0
    direct_io = 0
    keep_cache = 0
    fh = 0x000000000063eda0
    lock_owner = 0x0000000000000000

bb_getattr(path="/2012/September/22/exif2.jpg", statbuf=0x41e0efd0)
    bb_fullpath:  rootdir = "/nethome/sdr3/proj3/proj3/fuse-tutorial/example/rootdir", path = "/2012/September/22/exif2.jpg", fpath = "/nethome/sdr3/proj3/proj3/fuse-tutorial/example/rootdir/2012/September/22/exif2.jpg"
    st_dev = 17
    st_ino = 642607
    st_mode = 0100644
    st_nlink = 1
    st_uid = 239492
    st_gid = 2626
    st_rdev = 0
    st_size = 1271515
    st_blksize = 32768
    st_blocks = 2496
    st_atime = 0x50b6688c
    st_mtime = 0x50b6688c
    st_ctime = 0x50b6688c

bb_getxattr(path = "/2012/September/22/exif2.jpg", name = "system.posix_acl_access", value = 0x00000000, size = 0)
    bb_fullpath:  rootdir = "/nethome/sdr3/proj3/proj3/fuse-tutorial/example/rootdir", path = "/2012/September/22/exif2.jpg", fpath = "/nethome/sdr3/proj3/proj3/fuse-tutorial/example/rootdir/2012/September/22/exif2.jpg"
    ERROR bb_getxattr lgetxattr: No data available

bb_getxattr(path = "/2012/September/22/exif2.jpg", name = "system.posix_acl_default", value = 0x00000000, size = 0)
    bb_fullpath:  rootdir = "/nethome/sdr3/proj3/proj3/fuse-tutorial/example/rootdir", path = "/2012/September/22/exif2.jpg", fpath = "/nethome/sdr3/proj3/proj3/fuse-tutorial/example/rootdir/2012/September/22/exif2.jpg"
    ERROR bb_getxattr lgetxattr: No data available

bb_releasedir(path="/2012/September/22", fi=0x41e0f000)
    flags = 0x00000000
    fh_old = 0x0063eda0
    writepage = 0
    direct_io = 0
    keep_cache = 0
    fh = 0x000000000063eda0
    lock_owner = 0x0000000000000000

bb_getattr(path="/", statbuf=0x4260ffe0)
    bb_fullpath:  rootdir = "/nethome/sdr3/proj3/proj3/fuse-tutorial/example/rootdir", path = "/", fpath = "/nethome/sdr3/proj3/proj3/fuse-tutorial/example/rootdir/"
    st_dev = 17
    st_ino = 642400
    st_mode = 040755
    st_nlink = 3
    st_uid = 239492
    st_gid = 2626
    st_rdev = 0
    st_size = 4096
    st_blksize = 32768
    st_blocks = 8
    st_atime = 0x50b562b3
    st_mtime = 0x50b6688c
    st_ctime = 0x50b6688c

bb_getattr(path="/2012", statbuf=0x41e0efd0)
    bb_fullpath:  rootdir = "/nethome/sdr3/proj3/proj3/fuse-tutorial/example/rootdir", path = "/2012", fpath = "/nethome/sdr3/proj3/proj3/fuse-tutorial/example/rootdir/2012"
    st_dev = 17
    st_ino = 642496
    st_mode = 040755
    st_nlink = 3
    st_uid = 239492
    st_gid = 2626
    st_rdev = 0
    st_size = 4096
    st_blksize = 32768
    st_blocks = 8
    st_atime = 0x50b6688c
    st_mtime = 0x50b6688c
    st_ctime = 0x50b6688c

bb_getattr(path="/2012/September", statbuf=0x4260ffd0)
    bb_fullpath:  rootdir = "/nethome/sdr3/proj3/proj3/fuse-tutorial/example/rootdir", path = "/2012/September", fpath = "/nethome/sdr3/proj3/proj3/fuse-tutorial/example/rootdir/2012/September"
    st_dev = 17
    st_ino = 642499
    st_mode = 040755
    st_nlink = 3
    st_uid = 239492
    st_gid = 2626
    st_rdev = 0
    st_size = 4096
    st_blksize = 32768
    st_blocks = 8
    st_atime = 0x50b6688c
    st_mtime = 0x50b6688c
    st_ctime = 0x50b6688c

bb_getattr(path="/2012/September/22", statbuf=0x41e0efd0)
    bb_fullpath:  rootdir = "/nethome/sdr3/proj3/proj3/fuse-tutorial/example/rootdir", path = "/2012/September/22", fpath = "/nethome/sdr3/proj3/proj3/fuse-tutorial/example/rootdir/2012/September/22"
    st_dev = 17
    st_ino = 642501
    st_mode = 040755
    st_nlink = 2
    st_uid = 239492
    st_gid = 2626
    st_rdev = 0
    st_size = 4096
    st_blksize = 32768
    st_blocks = 8
    st_atime = 0x50b6688c
    st_mtime = 0x50b6688c
    st_ctime = 0x50b6688c

bb_access(path="/", mask=01)
    bb_fullpath:  rootdir = "/nethome/sdr3/proj3/proj3/fuse-tutorial/example/rootdir", path = "/", fpath = "/nethome/sdr3/proj3/proj3/fuse-tutorial/example/rootdir/"

bb_getattr(path="/", statbuf=0x41e0efe0)
    bb_fullpath:  rootdir = "/nethome/sdr3/proj3/proj3/fuse-tutorial/example/rootdir", path = "/", fpath = "/nethome/sdr3/proj3/proj3/fuse-tutorial/example/rootdir/"
    st_dev = 17
    st_ino = 642400
    st_mode = 040755
    st_nlink = 3
    st_uid = 239492
    st_gid = 2626
    st_rdev = 0
    st_size = 4096
    st_blksize = 32768
    st_blocks = 8
    st_atime = 0x50b562b3
    st_mtime = 0x50b6688c
    st_ctime = 0x50b6688c
